<?xml version="1.0" encoding="UTF-8"?>
<testsuite xmlns:xsi="http://www.w3.org/2001/XMLSchema-instance" xsi:noNamespaceSchemaLocation="https://maven.apache.org/surefire/maven-surefire-plugin/xsd/surefire-test-report.xsd" name="myboot.myblog.MyblogApplicationTests" time="5.772" tests="1" errors="0" skipped="0" failures="0">
  <properties>
    <property name="sun.desktop" value="windows"/>
    <property name="awt.toolkit" value="sun.awt.windows.WToolkit"/>
    <property name="file.encoding.pkg" value="sun.io"/>
    <property name="java.specification.version" value="1.8"/>
    <property name="sun.cpu.isalist" value="amd64"/>
    <property name="sun.jnu.encoding" value="GBK"/>
    <property name="java.class.path" value="E:\IDEA-Projects\SpringbootProjects\myblog\target\test-classes;E:\IDEA-Projects\SpringbootProjects\myblog\target\classes;E:\my_maven_local_respository\org\springframework\boot\spring-boot-starter-data-jdbc\2.4.1\spring-boot-starter-data-jdbc-2.4.1.jar;E:\my_maven_local_respository\org\springframework\boot\spring-boot-starter-jdbc\2.4.1\spring-boot-starter-jdbc-2.4.1.jar;E:\my_maven_local_respository\com\zaxxer\HikariCP\3.4.5\HikariCP-3.4.5.jar;E:\my_maven_local_respository\org\springframework\spring-jdbc\5.3.2\spring-jdbc-5.3.2.jar;E:\my_maven_local_respository\org\springframework\data\spring-data-jdbc\2.1.2\spring-data-jdbc-2.1.2.jar;E:\my_maven_local_respository\org\springframework\data\spring-data-relational\2.1.2\spring-data-relational-2.1.2.jar;E:\my_maven_local_respository\org\springframework\data\spring-data-commons\2.4.2\spring-data-commons-2.4.2.jar;E:\my_maven_local_respository\org\springframework\spring-tx\5.3.2\spring-tx-5.3.2.jar;E:\my_maven_local_respository\org\springframework\spring-context\5.3.2\spring-context-5.3.2.jar;E:\my_maven_local_respository\org\springframework\spring-beans\5.3.2\spring-beans-5.3.2.jar;E:\my_maven_local_respository\org\slf4j\slf4j-api\1.7.30\slf4j-api-1.7.30.jar;E:\my_maven_local_respository\org\springframework\boot\spring-boot-starter-mail\2.4.1\spring-boot-starter-mail-2.4.1.jar;E:\my_maven_local_respository\org\springframework\boot\spring-boot-starter\2.4.1\spring-boot-starter-2.4.1.jar;E:\my_maven_local_respository\org\springframework\boot\spring-boot\2.4.1\spring-boot-2.4.1.jar;E:\my_maven_local_respository\org\springframework\boot\spring-boot-autoconfigure\2.4.1\spring-boot-autoconfigure-2.4.1.jar;E:\my_maven_local_respository\org\springframework\boot\spring-boot-starter-logging\2.4.1\spring-boot-starter-logging-2.4.1.jar;E:\my_maven_local_respository\ch\qos\logback\logback-classic\1.2.3\logback-classic-1.2.3.jar;E:\my_maven_local_respository\ch\qos\logback\logback-core\1.2.3\logback-core-1.2.3.jar;E:\my_maven_local_respository\org\apache\logging\log4j\log4j-to-slf4j\2.13.3\log4j-to-slf4j-2.13.3.jar;E:\my_maven_local_respository\org\apache\logging\log4j\log4j-api\2.13.3\log4j-api-2.13.3.jar;E:\my_maven_local_respository\org\slf4j\jul-to-slf4j\1.7.30\jul-to-slf4j-1.7.30.jar;E:\my_maven_local_respository\jakarta\annotation\jakarta.annotation-api\1.3.5\jakarta.annotation-api-1.3.5.jar;E:\my_maven_local_respository\org\yaml\snakeyaml\1.27\snakeyaml-1.27.jar;E:\my_maven_local_respository\org\springframework\spring-context-support\5.3.2\spring-context-support-5.3.2.jar;E:\my_maven_local_respository\com\sun\mail\jakarta.mail\1.6.5\jakarta.mail-1.6.5.jar;E:\my_maven_local_respository\com\sun\activation\jakarta.activation\1.2.2\jakarta.activation-1.2.2.jar;E:\my_maven_local_respository\org\springframework\boot\spring-boot-starter-thymeleaf\2.4.1\spring-boot-starter-thymeleaf-2.4.1.jar;E:\my_maven_local_respository\org\thymeleaf\thymeleaf-spring5\3.0.11.RELEASE\thymeleaf-spring5-3.0.11.RELEASE.jar;E:\my_maven_local_respository\org\thymeleaf\thymeleaf\3.0.11.RELEASE\thymeleaf-3.0.11.RELEASE.jar;E:\my_maven_local_respository\org\attoparser\attoparser\2.0.5.RELEASE\attoparser-2.0.5.RELEASE.jar;E:\my_maven_local_respository\org\unbescape\unbescape\1.1.6.RELEASE\unbescape-1.1.6.RELEASE.jar;E:\my_maven_local_respository\org\thymeleaf\extras\thymeleaf-extras-java8time\3.0.4.RELEASE\thymeleaf-extras-java8time-3.0.4.RELEASE.jar;E:\my_maven_local_respository\org\springframework\boot\spring-boot-starter-web\2.4.1\spring-boot-starter-web-2.4.1.jar;E:\my_maven_local_respository\org\springframework\boot\spring-boot-starter-json\2.4.1\spring-boot-starter-json-2.4.1.jar;E:\my_maven_local_respository\com\fasterxml\jackson\core\jackson-databind\2.11.3\jackson-databind-2.11.3.jar;E:\my_maven_local_respository\com\fasterxml\jackson\core\jackson-annotations\2.11.3\jackson-annotations-2.11.3.jar;E:\my_maven_local_respository\com\fasterxml\jackson\core\jackson-core\2.11.3\jackson-core-2.11.3.jar;E:\my_maven_local_respository\com\fasterxml\jackson\datatype\jackson-datatype-jdk8\2.11.3\jackson-datatype-jdk8-2.11.3.jar;E:\my_maven_local_respository\com\fasterxml\jackson\datatype\jackson-datatype-jsr310\2.11.3\jackson-datatype-jsr310-2.11.3.jar;E:\my_maven_local_respository\com\fasterxml\jackson\module\jackson-module-parameter-names\2.11.3\jackson-module-parameter-names-2.11.3.jar;E:\my_maven_local_respository\org\springframework\boot\spring-boot-starter-tomcat\2.4.1\spring-boot-starter-tomcat-2.4.1.jar;E:\my_maven_local_respository\org\apache\tomcat\embed\tomcat-embed-core\9.0.41\tomcat-embed-core-9.0.41.jar;E:\my_maven_local_respository\org\glassfish\jakarta.el\3.0.3\jakarta.el-3.0.3.jar;E:\my_maven_local_respository\org\apache\tomcat\embed\tomcat-embed-websocket\9.0.41\tomcat-embed-websocket-9.0.41.jar;E:\my_maven_local_respository\org\springframework\spring-web\5.3.2\spring-web-5.3.2.jar;E:\my_maven_local_respository\org\springframework\spring-webmvc\5.3.2\spring-webmvc-5.3.2.jar;E:\my_maven_local_respository\org\springframework\spring-aop\5.3.2\spring-aop-5.3.2.jar;E:\my_maven_local_respository\org\springframework\spring-expression\5.3.2\spring-expression-5.3.2.jar;E:\my_maven_local_respository\org\springframework\session\spring-session-core\2.4.1\spring-session-core-2.4.1.jar;E:\my_maven_local_respository\org\springframework\spring-jcl\5.3.2\spring-jcl-5.3.2.jar;E:\my_maven_local_respository\mysql\mysql-connector-java\5.1.46\mysql-connector-java-5.1.46.jar;E:\my_maven_local_respository\org\springframework\boot\spring-boot-starter-test\2.4.1\spring-boot-starter-test-2.4.1.jar;E:\my_maven_local_respository\org\springframework\boot\spring-boot-test\2.4.1\spring-boot-test-2.4.1.jar;E:\my_maven_local_respository\org\springframework\boot\spring-boot-test-autoconfigure\2.4.1\spring-boot-test-autoconfigure-2.4.1.jar;E:\my_maven_local_respository\com\jayway\jsonpath\json-path\2.4.0\json-path-2.4.0.jar;E:\my_maven_local_respository\net\minidev\json-smart\2.3\json-smart-2.3.jar;E:\my_maven_local_respository\net\minidev\accessors-smart\1.2\accessors-smart-1.2.jar;E:\my_maven_local_respository\org\ow2\asm\asm\5.0.4\asm-5.0.4.jar;E:\my_maven_local_respository\jakarta\xml\bind\jakarta.xml.bind-api\2.3.3\jakarta.xml.bind-api-2.3.3.jar;E:\my_maven_local_respository\jakarta\activation\jakarta.activation-api\1.2.2\jakarta.activation-api-1.2.2.jar;E:\my_maven_local_respository\org\assertj\assertj-core\3.18.1\assertj-core-3.18.1.jar;E:\my_maven_local_respository\org\hamcrest\hamcrest\2.2\hamcrest-2.2.jar;E:\my_maven_local_respository\org\junit\jupiter\junit-jupiter\5.7.0\junit-jupiter-5.7.0.jar;E:\my_maven_local_respository\org\junit\jupiter\junit-jupiter-api\5.7.0\junit-jupiter-api-5.7.0.jar;E:\my_maven_local_respository\org\apiguardian\apiguardian-api\1.1.0\apiguardian-api-1.1.0.jar;E:\my_maven_local_respository\org\opentest4j\opentest4j\1.2.0\opentest4j-1.2.0.jar;E:\my_maven_local_respository\org\junit\platform\junit-platform-commons\1.7.0\junit-platform-commons-1.7.0.jar;E:\my_maven_local_respository\org\junit\jupiter\junit-jupiter-params\5.7.0\junit-jupiter-params-5.7.0.jar;E:\my_maven_local_respository\org\junit\jupiter\junit-jupiter-engine\5.7.0\junit-jupiter-engine-5.7.0.jar;E:\my_maven_local_respository\org\junit\platform\junit-platform-engine\1.7.0\junit-platform-engine-1.7.0.jar;E:\my_maven_local_respository\org\mockito\mockito-core\3.6.28\mockito-core-3.6.28.jar;E:\my_maven_local_respository\net\bytebuddy\byte-buddy\1.10.18\byte-buddy-1.10.18.jar;E:\my_maven_local_respository\net\bytebuddy\byte-buddy-agent\1.10.18\byte-buddy-agent-1.10.18.jar;E:\my_maven_local_respository\org\objenesis\objenesis\3.1\objenesis-3.1.jar;E:\my_maven_local_respository\org\mockito\mockito-junit-jupiter\3.6.28\mockito-junit-jupiter-3.6.28.jar;E:\my_maven_local_respository\org\skyscreamer\jsonassert\1.5.0\jsonassert-1.5.0.jar;E:\my_maven_local_respository\com\vaadin\external\google\android-json\0.0.20131108.vaadin1\android-json-0.0.20131108.vaadin1.jar;E:\my_maven_local_respository\org\springframework\spring-core\5.3.2\spring-core-5.3.2.jar;E:\my_maven_local_respository\org\springframework\spring-test\5.3.2\spring-test-5.3.2.jar;E:\my_maven_local_respository\org\xmlunit\xmlunit-core\2.7.0\xmlunit-core-2.7.0.jar;"/>
    <property name="java.vm.vendor" value="Oracle Corporation"/>
    <property name="sun.arch.data.model" value="64"/>
    <property name="user.variant" value=""/>
    <property name="java.vendor.url" value="http://java.oracle.com/"/>
    <property name="user.timezone" value="Asia/Shanghai"/>
    <property name="java.vm.specification.version" value="1.8"/>
    <property name="os.name" value="Windows 10"/>
    <property name="user.country" value="CN"/>
    <property name="sun.java.launcher" value="SUN_STANDARD"/>
    <property name="sun.boot.library.path" value="C:\Program Files\Java\jdk1.8.0_181\jre\bin"/>
    <property name="sun.java.command" value="C:\Users\大辉\AppData\Local\Temp\surefire2209605528718666473\surefirebooter3033618129361216125.jar C:\Users\大辉\AppData\Local\Temp\surefire2209605528718666473 2020-12-28T21-46-50_085-jvmRun1 surefire6116509699570296447tmp surefire_04787389622578705479tmp"/>
    <property name="surefire.test.class.path" value="E:\IDEA-Projects\SpringbootProjects\myblog\target\test-classes;E:\IDEA-Projects\SpringbootProjects\myblog\target\classes;E:\my_maven_local_respository\org\springframework\boot\spring-boot-starter-data-jdbc\2.4.1\spring-boot-starter-data-jdbc-2.4.1.jar;E:\my_maven_local_respository\org\springframework\boot\spring-boot-starter-jdbc\2.4.1\spring-boot-starter-jdbc-2.4.1.jar;E:\my_maven_local_respository\com\zaxxer\HikariCP\3.4.5\HikariCP-3.4.5.jar;E:\my_maven_local_respository\org\springframework\spring-jdbc\5.3.2\spring-jdbc-5.3.2.jar;E:\my_maven_local_respository\org\springframework\data\spring-data-jdbc\2.1.2\spring-data-jdbc-2.1.2.jar;E:\my_maven_local_respository\org\springframework\data\spring-data-relational\2.1.2\spring-data-relational-2.1.2.jar;E:\my_maven_local_respository\org\springframework\data\spring-data-commons\2.4.2\spring-data-commons-2.4.2.jar;E:\my_maven_local_respository\org\springframework\spring-tx\5.3.2\spring-tx-5.3.2.jar;E:\my_maven_local_respository\org\springframework\spring-context\5.3.2\spring-context-5.3.2.jar;E:\my_maven_local_respository\org\springframework\spring-beans\5.3.2\spring-beans-5.3.2.jar;E:\my_maven_local_respository\org\slf4j\slf4j-api\1.7.30\slf4j-api-1.7.30.jar;E:\my_maven_local_respository\org\springframework\boot\spring-boot-starter-mail\2.4.1\spring-boot-starter-mail-2.4.1.jar;E:\my_maven_local_respository\org\springframework\boot\spring-boot-starter\2.4.1\spring-boot-starter-2.4.1.jar;E:\my_maven_local_respository\org\springframework\boot\spring-boot\2.4.1\spring-boot-2.4.1.jar;E:\my_maven_local_respository\org\springframework\boot\spring-boot-autoconfigure\2.4.1\spring-boot-autoconfigure-2.4.1.jar;E:\my_maven_local_respository\org\springframework\boot\spring-boot-starter-logging\2.4.1\spring-boot-starter-logging-2.4.1.jar;E:\my_maven_local_respository\ch\qos\logback\logback-classic\1.2.3\logback-classic-1.2.3.jar;E:\my_maven_local_respository\ch\qos\logback\logback-core\1.2.3\logback-core-1.2.3.jar;E:\my_maven_local_respository\org\apache\logging\log4j\log4j-to-slf4j\2.13.3\log4j-to-slf4j-2.13.3.jar;E:\my_maven_local_respository\org\apache\logging\log4j\log4j-api\2.13.3\log4j-api-2.13.3.jar;E:\my_maven_local_respository\org\slf4j\jul-to-slf4j\1.7.30\jul-to-slf4j-1.7.30.jar;E:\my_maven_local_respository\jakarta\annotation\jakarta.annotation-api\1.3.5\jakarta.annotation-api-1.3.5.jar;E:\my_maven_local_respository\org\yaml\snakeyaml\1.27\snakeyaml-1.27.jar;E:\my_maven_local_respository\org\springframework\spring-context-support\5.3.2\spring-context-support-5.3.2.jar;E:\my_maven_local_respository\com\sun\mail\jakarta.mail\1.6.5\jakarta.mail-1.6.5.jar;E:\my_maven_local_respository\com\sun\activation\jakarta.activation\1.2.2\jakarta.activation-1.2.2.jar;E:\my_maven_local_respository\org\springframework\boot\spring-boot-starter-thymeleaf\2.4.1\spring-boot-starter-thymeleaf-2.4.1.jar;E:\my_maven_local_respository\org\thymeleaf\thymeleaf-spring5\3.0.11.RELEASE\thymeleaf-spring5-3.0.11.RELEASE.jar;E:\my_maven_local_respository\org\thymeleaf\thymeleaf\3.0.11.RELEASE\thymeleaf-3.0.11.RELEASE.jar;E:\my_maven_local_respository\org\attoparser\attoparser\2.0.5.RELEASE\attoparser-2.0.5.RELEASE.jar;E:\my_maven_local_respository\org\unbescape\unbescape\1.1.6.RELEASE\unbescape-1.1.6.RELEASE.jar;E:\my_maven_local_respository\org\thymeleaf\extras\thymeleaf-extras-java8time\3.0.4.RELEASE\thymeleaf-extras-java8time-3.0.4.RELEASE.jar;E:\my_maven_local_respository\org\springframework\boot\spring-boot-starter-web\2.4.1\spring-boot-starter-web-2.4.1.jar;E:\my_maven_local_respository\org\springframework\boot\spring-boot-starter-json\2.4.1\spring-boot-starter-json-2.4.1.jar;E:\my_maven_local_respository\com\fasterxml\jackson\core\jackson-databind\2.11.3\jackson-databind-2.11.3.jar;E:\my_maven_local_respository\com\fasterxml\jackson\core\jackson-annotations\2.11.3\jackson-annotations-2.11.3.jar;E:\my_maven_local_respository\com\fasterxml\jackson\core\jackson-core\2.11.3\jackson-core-2.11.3.jar;E:\my_maven_local_respository\com\fasterxml\jackson\datatype\jackson-datatype-jdk8\2.11.3\jackson-datatype-jdk8-2.11.3.jar;E:\my_maven_local_respository\com\fasterxml\jackson\datatype\jackson-datatype-jsr310\2.11.3\jackson-datatype-jsr310-2.11.3.jar;E:\my_maven_local_respository\com\fasterxml\jackson\module\jackson-module-parameter-names\2.11.3\jackson-module-parameter-names-2.11.3.jar;E:\my_maven_local_respository\org\springframework\boot\spring-boot-starter-tomcat\2.4.1\spring-boot-starter-tomcat-2.4.1.jar;E:\my_maven_local_respository\org\apache\tomcat\embed\tomcat-embed-core\9.0.41\tomcat-embed-core-9.0.41.jar;E:\my_maven_local_respository\org\glassfish\jakarta.el\3.0.3\jakarta.el-3.0.3.jar;E:\my_maven_local_respository\org\apache\tomcat\embed\tomcat-embed-websocket\9.0.41\tomcat-embed-websocket-9.0.41.jar;E:\my_maven_local_respository\org\springframework\spring-web\5.3.2\spring-web-5.3.2.jar;E:\my_maven_local_respository\org\springframework\spring-webmvc\5.3.2\spring-webmvc-5.3.2.jar;E:\my_maven_local_respository\org\springframework\spring-aop\5.3.2\spring-aop-5.3.2.jar;E:\my_maven_local_respository\org\springframework\spring-expression\5.3.2\spring-expression-5.3.2.jar;E:\my_maven_local_respository\org\springframework\session\spring-session-core\2.4.1\spring-session-core-2.4.1.jar;E:\my_maven_local_respository\org\springframework\spring-jcl\5.3.2\spring-jcl-5.3.2.jar;E:\my_maven_local_respository\mysql\mysql-connector-java\5.1.46\mysql-connector-java-5.1.46.jar;E:\my_maven_local_respository\org\springframework\boot\spring-boot-starter-test\2.4.1\spring-boot-starter-test-2.4.1.jar;E:\my_maven_local_respository\org\springframework\boot\spring-boot-test\2.4.1\spring-boot-test-2.4.1.jar;E:\my_maven_local_respository\org\springframework\boot\spring-boot-test-autoconfigure\2.4.1\spring-boot-test-autoconfigure-2.4.1.jar;E:\my_maven_local_respository\com\jayway\jsonpath\json-path\2.4.0\json-path-2.4.0.jar;E:\my_maven_local_respository\net\minidev\json-smart\2.3\json-smart-2.3.jar;E:\my_maven_local_respository\net\minidev\accessors-smart\1.2\accessors-smart-1.2.jar;E:\my_maven_local_respository\org\ow2\asm\asm\5.0.4\asm-5.0.4.jar;E:\my_maven_local_respository\jakarta\xml\bind\jakarta.xml.bind-api\2.3.3\jakarta.xml.bind-api-2.3.3.jar;E:\my_maven_local_respository\jakarta\activation\jakarta.activation-api\1.2.2\jakarta.activation-api-1.2.2.jar;E:\my_maven_local_respository\org\assertj\assertj-core\3.18.1\assertj-core-3.18.1.jar;E:\my_maven_local_respository\org\hamcrest\hamcrest\2.2\hamcrest-2.2.jar;E:\my_maven_local_respository\org\junit\jupiter\junit-jupiter\5.7.0\junit-jupiter-5.7.0.jar;E:\my_maven_local_respository\org\junit\jupiter\junit-jupiter-api\5.7.0\junit-jupiter-api-5.7.0.jar;E:\my_maven_local_respository\org\apiguardian\apiguardian-api\1.1.0\apiguardian-api-1.1.0.jar;E:\my_maven_local_respository\org\opentest4j\opentest4j\1.2.0\opentest4j-1.2.0.jar;E:\my_maven_local_respository\org\junit\platform\junit-platform-commons\1.7.0\junit-platform-commons-1.7.0.jar;E:\my_maven_local_respository\org\junit\jupiter\junit-jupiter-params\5.7.0\junit-jupiter-params-5.7.0.jar;E:\my_maven_local_respository\org\junit\jupiter\junit-jupiter-engine\5.7.0\junit-jupiter-engine-5.7.0.jar;E:\my_maven_local_respository\org\junit\platform\junit-platform-engine\1.7.0\junit-platform-engine-1.7.0.jar;E:\my_maven_local_respository\org\mockito\mockito-core\3.6.28\mockito-core-3.6.28.jar;E:\my_maven_local_respository\net\bytebuddy\byte-buddy\1.10.18\byte-buddy-1.10.18.jar;E:\my_maven_local_respository\net\bytebuddy\byte-buddy-agent\1.10.18\byte-buddy-agent-1.10.18.jar;E:\my_maven_local_respository\org\objenesis\objenesis\3.1\objenesis-3.1.jar;E:\my_maven_local_respository\org\mockito\mockito-junit-jupiter\3.6.28\mockito-junit-jupiter-3.6.28.jar;E:\my_maven_local_respository\org\skyscreamer\jsonassert\1.5.0\jsonassert-1.5.0.jar;E:\my_maven_local_respository\com\vaadin\external\google\android-json\0.0.20131108.vaadin1\android-json-0.0.20131108.vaadin1.jar;E:\my_maven_local_respository\org\springframework\spring-core\5.3.2\spring-core-5.3.2.jar;E:\my_maven_local_respository\org\springframework\spring-test\5.3.2\spring-test-5.3.2.jar;E:\my_maven_local_respository\org\xmlunit\xmlunit-core\2.7.0\xmlunit-core-2.7.0.jar;"/>
    <property name="sun.cpu.endian" value="little"/>
    <property name="user.home" value="C:\Users\大辉"/>
    <property name="user.language" value="zh"/>
    <property name="java.specification.vendor" value="Oracle Corporation"/>
    <property name="java.home" value="C:\Program Files\Java\jdk1.8.0_181\jre"/>
    <property name="basedir" value="E:\IDEA-Projects\SpringbootProjects\myblog"/>
    <property name="file.separator" value="\"/>
    <property name="line.separator" value="&#10;"/>
    <property name="idea.version2019.2.4" value="true"/>
    <property name="java.vm.specification.vendor" value="Oracle Corporation"/>
    <property name="java.specification.name" value="Java Platform API Specification"/>
    <property name="java.awt.graphicsenv" value="sun.awt.Win32GraphicsEnvironment"/>
    <property name="surefire.real.class.path" value="C:\Users\大辉\AppData\Local\Temp\surefire2209605528718666473\surefirebooter3033618129361216125.jar"/>
    <property name="sun.boot.class.path" value="C:\Program Files\Java\jdk1.8.0_181\jre\lib\resources.jar;C:\Program Files\Java\jdk1.8.0_181\jre\lib\rt.jar;C:\Program Files\Java\jdk1.8.0_181\jre\lib\sunrsasign.jar;C:\Program Files\Java\jdk1.8.0_181\jre\lib\jsse.jar;C:\Program Files\Java\jdk1.8.0_181\jre\lib\jce.jar;C:\Program Files\Java\jdk1.8.0_181\jre\lib\charsets.jar;C:\Program Files\Java\jdk1.8.0_181\jre\lib\jfr.jar;C:\Program Files\Java\jdk1.8.0_181\jre\classes"/>
    <property name="user.script" value=""/>
    <property name="sun.management.compiler" value="HotSpot 64-Bit Tiered Compilers"/>
    <property name="java.runtime.version" value="1.8.0_181-b13"/>
    <property name="user.name" value="大辉"/>
    <property name="path.separator" value=";"/>
    <property name="os.version" value="10.0"/>
    <property name="java.endorsed.dirs" value="C:\Program Files\Java\jdk1.8.0_181\jre\lib\endorsed"/>
    <property name="java.runtime.name" value="Java(TM) SE Runtime Environment"/>
    <property name="file.encoding" value="GBK"/>
    <property name="java.vm.name" value="Java HotSpot(TM) 64-Bit Server VM"/>
    <property name="localRepository" value="E:\my_maven_local_respository"/>
    <property name="java.vendor.url.bug" value="http://bugreport.sun.com/bugreport/"/>
    <property name="java.io.tmpdir" value="C:\Users\大辉\AppData\Local\Temp\"/>
    <property name="java.version" value="1.8.0_181"/>
    <property name="user.dir" value="E:\IDEA-Projects\SpringbootProjects\myblog"/>
    <property name="os.arch" value="amd64"/>
    <property name="java.vm.specification.name" value="Java Virtual Machine Specification"/>
    <property name="java.awt.printerjob" value="sun.awt.windows.WPrinterJob"/>
    <property name="sun.os.patch.level" value=""/>
    <property name="java.library.path" value="C:\Program Files\Java\jdk1.8.0_181\jre\bin;C:\WINDOWS\Sun\Java\bin;C:\WINDOWS\system32;C:\WINDOWS;D:\Xshell6\;C:\Program Files (x86)\Common Files\Oracle\Java\javapath;C:\Windows\system32;C:\Windows;C:\Windows\System32\Wbem;C:\Windows\System32\WindowsPowerShell\v1.0\;C:\Windows\System32\OpenSSH\;C:\Program Files (x86)\Intel\Intel(R) Management Engine Components\DAL;C:\Program Files\Intel\Intel(R) Management Engine Components\DAL;C:\Program Files\Intel\WiFi\bin\;C:\Program Files\Common Files\Intel\WirelessCommon\;C:\Program Files (x86)\NVIDIA Corporation\PhysX\Common;C:\Program Files\NVIDIA Corporation\NVIDIA NvDLISR;C:\Program Files\Java\jdk1.8.0_181\bin;C:\Program Files\Java\jdk1.8.0_181\bin;C:\Program Files\Microsoft SQL Server\120\DTS\Binn\;C:\Program Files\Microsoft SQL Server\Client SDK\ODBC\110\Tools\Binn\;C:\Program Files (x86)\Microsoft SQL Server\120\Tools\Binn\;C:\Program Files\Microsoft SQL Server\120\Tools\Binn\;C:\Program Files (x86)\Microsoft SQL Server\120\Tools\Binn\ManagementStudio\;C:\Program Files (x86)\Microsoft SQL Server\120\DTS\Binn\;E:\apache-maven-3.6.3\bin;C:\Program Files (x86)\MySQL\MySQL Server 5.1\bin;E:\bin;C:\WINDOWS\system32;C:\WINDOWS;C:\WINDOWS\System32\Wbem;C:\WINDOWS\System32\WindowsPowerShell\v1.0\;C:\WINDOWS\System32\OpenSSH\;D:\Rational\common;E:\MATLAB\runtime\win64;E:\MATLAB\bin;E:\MATLAB\polyspace\bin;C:\Users\大辉\AppData\Local\Programs\Python\Python37\Scripts\;C:\Users\大辉\AppData\Local\Programs\Python\Python37\;D:\Scripts\;D:\;C:\Users\大辉\AppData\Local\Microsoft\WindowsApps;D:\IntelliJ IDEA 2019.2.4\bin;;C:\Program Files\JetBrains\PyCharm 2019.3.1\bin;;;."/>
    <property name="java.vm.info" value="mixed mode"/>
    <property name="java.vendor" value="Oracle Corporation"/>
    <property name="java.vm.version" value="25.181-b13"/>
    <property name="java.ext.dirs" value="C:\Program Files\Java\jdk1.8.0_181\jre\lib\ext;C:\WINDOWS\Sun\Java\lib\ext"/>
    <property name="sun.io.unicode.encoding" value="UnicodeLittle"/>
    <property name="maven.repo.local" value="E:\my_maven_local_respository"/>
    <property name="java.class.version" value="52.0"/>
  </properties>
  <testcase name="contextLoads" classname="myboot.myblog.MyblogApplicationTests" time="0.262"/>
</testsuite>